Log file open, 07/30/17 00:34:23
LogInit:Display: Running engine for game: GeometryCatcher
LogPlatformFile: Not using cached read wrapper
LogInit:Display: RandInit(704535843) SRandInit(704535843).
LogTaskGraph: Started task graph with 5 named threads and 8 total threads with 1 sets of task threads.
LogStats: Stats thread started at 0.092451
LogInit: Using libcurl 7.47.1
LogInit:  - built for x86_64-pc-win32
LogInit:  - supports SSL with OpenSSL/1.0.2g
LogInit:  - supports HTTP deflate (compression) using libz 1.2.8
LogInit:  - other features:
LogInit:      CURL_VERSION_SSL
LogInit:      CURL_VERSION_LIBZ
LogInit:      CURL_VERSION_IPV6
LogInit:      CURL_VERSION_ASYNCHDNS
LogInit:      CURL_VERSION_LARGEFILE
LogInit:      CURL_VERSION_IDN
LogInit:  CurlRequestOptions (configurable via config and command line):
LogInit:  - bVerifyPeer = false  - Libcurl will NOT verify peer certificate
LogInit:  - bUseHttpProxy = false  - Libcurl will NOT use HTTP proxy
LogInit:  - bDontReuseConnections = false  - Libcurl will reuse connections
LogInit:  - CertBundlePath = nullptr  - Libcurl will use whatever was configured at build time.
LogInit: Build: ++UE4+Release-4.16-CL-3514769
LogInit: Engine Version: 4.16.2-3514769+++UE4+Release-4.16
LogInit: Compatible Engine Version: 4.16.0-3452394+++UE4+Release-4.16
LogInit: Net CL: 3452394
LogDevObjectVersion: Number of dev versions registered: 16
LogDevObjectVersion:   Dev-Blueprints (B0D832E4-1F89-4F0D-ACCF-7EB736FD4AA2): 9
LogDevObjectVersion:   Dev-Build (E1C64328-A22C-4D53-A36C-8E866417BD8C): 0
LogDevObjectVersion:   Dev-Core (375EC13C-06E4-48FB-B500-84F0262A717E): 2
LogDevObjectVersion:   Dev-Editor (E4B068ED-F494-42E9-A231-DA0B2E46BB41): 17
LogDevObjectVersion:   Dev-Framework (CFFC743F-43B0-4480-9391-14DF171D2073): 23
LogDevObjectVersion:   Dev-Mobile (B02B49B5-BB20-44E9-A304-32B752E40360): 0
LogDevObjectVersion:   Dev-Networking (A4E4105C-59A1-49B5-A7C5-40C4547EDFEE): 0
LogDevObjectVersion:   Dev-Online (39C831C9-5AE6-47DC-9A44-9C173E1C8E7C): 0
LogDevObjectVersion:   Dev-Physics (78F01B33-EBEA-4F98-B9B4-84EACCB95AA2): 0
LogDevObjectVersion:   Dev-Platform (6631380F-2D4D-43E0-8009-CF276956A95A): 0
LogDevObjectVersion:   Dev-Rendering (12F88B9F-8875-4AFC-A67C-D90C383ABD29): 15
LogDevObjectVersion:   Dev-Sequencer (7B5AE74C-D270-4C10-A958-57980B212A5A): 4
LogDevObjectVersion:   Dev-VR (D7296918-1DD6-4BDD-9DE2-64A83CC13884): 0
LogDevObjectVersion:   Dev-LoadTimes (C2A15278-BFE7-4AFE-6C17-90FF531DF755): 1
LogDevObjectVersion:   Private-Geometry (6EACA3D4-40EC-4CC1-B786-8BED09428FC5): 1
LogDevObjectVersion:   Dev-AnimPhys (29E575DD-E0A3-4627-9D10-D276232CDCEA): 3
LogInit: Compiled (64-bit): Jun 29 2017 02:03:24
LogInit: Compiled with Visual C++: 19.00.24215.01
LogInit: Build Configuration: Development
LogInit: Branch Name: ++UE4+Release-4.16
LogInit: Command line:  
LogInit: Base directory: C:/Program Files/Epic Games/UE_4.16/Engine/Binaries/Win64/
LogInit: Installed Engine Build: 1
LogInit: Presizing for max 8388607 objects, including 0 objects not considered by GC, pre-allocating 0 bytes for permanent pool.
LogInit: Object subsystem initialized
[2017.07.29-14.34.23:650][  0]LogInit: Selected Device Profile: [Windows]
[2017.07.29-14.34.23:650][  0]LogInit: Applying CVar settings loaded from the selected device profile: [Windows]
[2017.07.29-14.34.23:661][  0]LogInit: Computer: DESKTOP-IBGBMK1
[2017.07.29-14.34.23:661][  0]LogInit: User: tommy
[2017.07.29-14.34.23:661][  0]LogInit: CPU Page size=4096, Cores=4
[2017.07.29-14.34.23:661][  0]LogInit: High frequency timer resolution =2.437500 MHz
[2017.07.29-14.34.23:662][  0]LogMemory: Memory total: Physical=7.9GB (8GB approx)
[2017.07.29-14.34.23:662][  0]LogMemory: Platform Memory Stats for Windows
[2017.07.29-14.34.23:662][  0]LogMemory: Process Physical Memory: 272.87 MB used, 272.87 MB peak
[2017.07.29-14.34.23:662][  0]LogMemory: Process Virtual Memory: 266.51 MB used, 266.51 MB peak
[2017.07.29-14.34.23:662][  0]LogMemory: Physical Memory: 4640.66 MB used,  3415.04 MB free, 8055.70 MB total
[2017.07.29-14.34.23:662][  0]LogMemory: Virtual Memory: 643.28 MB used,  3415.04 MB free, 134217728.00 MB total
[2017.07.29-14.34.24:019][  0]LogInit: Using OS detected language (en-US).
[2017.07.29-14.34.24:019][  0]LogInit: Using OS detected locale (en-AU).
[2017.07.29-14.34.24:022][  0]LogTextLocalizationManager: No specific localization for 'en-US' exists, so the 'en' localization will be used.
[2017.07.29-14.34.25:041][  0]LogD3D11RHI: D3D11 adapters:
[2017.07.29-14.34.25:096][  0]LogD3D11RHI:    0. 'NVIDIA GeForce GTX 1050 Ti' (Feature Level 11_0)
[2017.07.29-14.34.25:096][  0]LogD3D11RHI:       1974/0/4027 MB DedicatedVideo/DedicatedSystem/SharedSystem, Outputs:1, VendorId:0x10de
[2017.07.29-14.34.25:107][  0]LogD3D11RHI:    1. 'Intel(R) HD Graphics 630' (Feature Level 11_0)
[2017.07.29-14.34.25:107][  0]LogD3D11RHI:       128/0/4027 MB DedicatedVideo/DedicatedSystem/SharedSystem, Outputs:0, VendorId:0x8086
[2017.07.29-14.34.25:109][  0]LogD3D11RHI:    2. 'Microsoft Basic Render Driver' (Feature Level 11_0)
[2017.07.29-14.34.25:109][  0]LogD3D11RHI:       0/0/4027 MB DedicatedVideo/DedicatedSystem/SharedSystem, Outputs:0, VendorId:0x1414
[2017.07.29-14.34.25:109][  0]LogD3D11RHI: Chosen D3D11 Adapter: 0
[2017.07.29-14.34.25:115][  0]LogD3D11RHI: Creating new Direct3DDevice
[2017.07.29-14.34.25:115][  0]LogD3D11RHI:     GPU DeviceId: 0x1c8c (for the marketing name, search the web for "GPU Device Id")
[2017.07.29-14.34.25:115][  0]LogWindows: EnumDisplayDevices:
[2017.07.29-14.34.25:115][  0]LogWindows:    0. 'Intel(R) HD Graphics 630' (P:1 D:1)
[2017.07.29-14.34.25:115][  0]LogWindows:    1. 'Intel(R) HD Graphics 630' (P:0 D:0)
[2017.07.29-14.34.25:115][  0]LogWindows:    2. 'Intel(R) HD Graphics 630' (P:0 D:0)
[2017.07.29-14.34.25:115][  0]LogWindows: DebugString: PrimaryIsNotTheChoosenAdapter PrimaryIsNotTheChoosenAdapter PrimaryIsNotTheChoosenAdapter FoundDriverCount:0 
[2017.07.29-14.34.25:115][  0]LogD3D11RHI:     Adapter Name: NVIDIA GeForce GTX 1050 Ti
[2017.07.29-14.34.25:115][  0]LogD3D11RHI:   Driver Version: Unknown (internal:Unknown, unified:Unknown)
[2017.07.29-14.34.25:115][  0]LogD3D11RHI:      Driver Date: Unknown
[2017.07.29-14.34.25:115][  0]LogRHI: Texture pool is 1361 MB (70% of 1945 MB)
[2017.07.29-14.34.25:146][  0]LogD3D11RHI: Async texture creation enabled
[2017.07.29-14.34.25:160][  0]LogD3D11RHI: GPU Timing Frequency: 1000.000000 (Debug: 2 1)
[2017.07.29-14.34.25:160][  0]LogShaderCompilers: Guid format shader working directory is -16 characters bigger than the processId version (../../../../../../Users/tommy/Desktop/GeometryCatcherComplete/Intermediate/Shaders/WorkingDirectory/19408/).
[2017.07.29-14.34.25:160][  0]LogShaderCompilers: Cleaned the shader compiler working directory 'C:/Users/tommy/AppData/Local/Temp/UnrealShaderWorkingDir/039865B84108687D8CFF8C9D7DC6705E/'.
[2017.07.29-14.34.25:160][  0]LogShaderCompilers:Display: Using Local Shader Compiler.
[2017.07.29-14.34.26:208][  0]LogTemp:Display: Loaded TP AllDesktopTargetPlatform
[2017.07.29-14.34.26:260][  0]LogTemp:Display: Loaded TP MacClientTargetPlatform
[2017.07.29-14.34.26:311][  0]LogTemp:Display: Loaded TP MacNoEditorTargetPlatform
[2017.07.29-14.34.26:363][  0]LogTemp:Display: Loaded TP MacServerTargetPlatform
[2017.07.29-14.34.26:415][  0]LogTemp:Display: Loaded TP MacTargetPlatform
[2017.07.29-14.34.26:467][  0]LogTemp:Display: Loaded TP WindowsClientTargetPlatform
[2017.07.29-14.34.26:516][  0]LogTemp:Display: Loaded TP WindowsNoEditorTargetPlatform
[2017.07.29-14.34.26:568][  0]LogTemp:Display: Loaded TP WindowsServerTargetPlatform
[2017.07.29-14.34.26:612][  0]LogTemp:Display: Loaded TP WindowsTargetPlatform
[2017.07.29-14.34.26:664][  0]LogTemp:Display: Loaded TP AndroidTargetPlatform
[2017.07.29-14.34.26:713][  0]LogTemp:Display: Loaded TP Android_ASTCTargetPlatform
[2017.07.29-14.34.26:761][  0]LogTemp:Display: Loaded TP Android_ATCTargetPlatform
[2017.07.29-14.34.26:810][  0]LogTemp:Display: Loaded TP Android_DXTTargetPlatform
[2017.07.29-14.34.26:861][  0]LogTemp:Display: Loaded TP Android_ETC1TargetPlatform
[2017.07.29-14.34.26:910][  0]LogTemp:Display: Loaded TP Android_ETC2TargetPlatform
[2017.07.29-14.34.27:009][  0]LogTemp:Display: Loaded TP Android_MultiTargetPlatform
[2017.07.29-14.34.27:009][  0]LogTemp:Display: Loaded TP Android_PVRTCTargetPlatform
[2017.07.29-14.34.27:049][  0]LogTemp:Display: Loaded TP HTML5TargetPlatform
[2017.07.29-14.34.27:141][  0]LogTemp:Display: Loaded TP IOSTargetPlatform
[2017.07.29-14.34.27:171][  0]LogTemp:Display: Loaded TP TVOSTargetPlatform
[2017.07.29-14.34.27:221][  0]LogTemp:Display: Loaded TP LinuxClientTargetPlatform
[2017.07.29-14.34.27:271][  0]LogTemp:Display: Loaded TP LinuxNoEditorTargetPlatform
[2017.07.29-14.34.27:326][  0]LogTemp:Display: Loaded TP LinuxServerTargetPlatform
[2017.07.29-14.34.27:381][  0]LogTemp:Display: Loaded TP LinuxTargetPlatform
[2017.07.29-14.34.27:381][  0]LogTargetPlatformManager:Display: Building Assets For Windows
[2017.07.29-14.34.28:004][  0]LogDerivedDataCache:Display: Max Cache Size: 512 MB
[2017.07.29-14.34.28:111][  0]LogDerivedDataCache: Loaded boot cache 0.11s 90MB C:/Users/tommy/AppData/Local/UnrealEngine/4.16/DerivedDataCache/Boot.ddc.
[2017.07.29-14.34.28:112][  0]LogDerivedDataCache:Display: Loaded Boot cache: C:/Users/tommy/AppData/Local/UnrealEngine/4.16/DerivedDataCache/Boot.ddc
[2017.07.29-14.34.28:112][  0]LogDerivedDataCache: FDerivedDataBackendGraph:  Pak pak cache file ../../../../../../Users/tommy/Desktop/GeometryCatcherComplete/DerivedDataCache/DDC.ddp not found, will not use a pak cache.
[2017.07.29-14.34.28:112][  0]LogDerivedDataCache: Unable to find inner node Pak for hierarchical cache Hierarchy.
[2017.07.29-14.34.28:112][  0]LogDerivedDataCache: FDerivedDataBackendGraph:  CompressedPak pak cache file ../../../../../../Users/tommy/Desktop/GeometryCatcherComplete/DerivedDataCache/Compressed.ddp not found, will not use a pak cache.
[2017.07.29-14.34.28:112][  0]LogDerivedDataCache: Unable to find inner node CompressedPak for hierarchical cache Hierarchy.
[2017.07.29-14.34.28:130][  0]LogDerivedDataCache:Display: Pak cache opened for reading ../../../Engine/DerivedDataCache/Compressed.ddp.
[2017.07.29-14.34.28:142][  0]LogDerivedDataCache: Using Local data cache path C:/Users/tommy/AppData/Local/UnrealEngine/Common/DerivedDataCache: Writable
[2017.07.29-14.34.28:153][  0]LogMaterial: Verifying Global Shaders for PCD3D_SM5
[2017.07.29-14.34.28:153][  0]LogSlate: Using Freetype 2.6.0
[2017.07.29-14.34.28:154][  0]LogSlate: SlateFontCache - WITH_FREETYPE: 1, WITH_HARFBUZZ: 1
[2017.07.29-14.34.28:154][  0]LogSlate: SlateFontCache - WITH_FREETYPE: 1, WITH_HARFBUZZ: 1
[2017.07.29-14.34.28:623][  0]LogInit: Selected Device Profile: [Windows]
[2017.07.29-14.34.28:707][  0]LogContentStreaming: Texture pool size is 0.00 MB
[2017.07.29-14.34.28:875][  0]LogMeshUtilities: Using QuadricMeshReduction for automatic static mesh reduction
[2017.07.29-14.34.28:920][  0]LogSimplygon: Simplygon DLL not present - disabling.
[2017.07.29-14.34.28:970][  0]LogMeshUtilities: Using SimplygonSwarm for distributed automatic mesh merging
[2017.07.29-14.34.28:970][  0]LogMeshUtilities: No automatic skeletal mesh reduction module available
[2017.07.29-14.34.28:970][  0]LogMeshUtilities: No automatic mesh merging module available
[2017.07.29-14.34.29:573][  0]LogNetVersion: GeometryCatcher , NetCL: 3452394, EngineNetVer: 2, GameNetVer: 0 (Checksum: 3903077133)
[2017.07.29-14.34.29:638][  0]LogAssetRegistry: FAssetRegistry took 0.0257 seconds to start up
[2017.07.29-14.34.29:703][  0]LogPackageLocalizationCache: Processed 4 localized package path(s) for 2 prioritized culture(s) in 0.041392 seconds
[2017.07.29-14.34.29:708][  0]LogUObjectArray: 34194 objects as part of root set at end of initial load.
[2017.07.29-14.34.29:708][  0]LogUObjectAllocator: 7260424 out of 0 bytes used by permanent object pool.
[2017.07.29-14.34.29:708][  0]LogUObjectArray: CloseDisregardForGC: 0/0 objects in disregard for GC pool
[2017.07.29-14.34.29:777][  0]LogInit: WinSock: version 1.1 (2.2), MaxSocks=32767, MaxUdp=65467
[2017.07.29-14.34.32:300][  0]LogTcpMessaging: Initializing TcpMessaging bridge
[2017.07.29-14.34.32:341][  0]LogUdpMessaging: Initializing bridge on interface 0.0.0.0:0 to multicast group 230.0.0.1:6666.
[2017.07.29-14.34.32:894][  0]LogMaterial: Uniform references updated for custom material expression Custom.
[2017.07.29-14.34.33:296][  0]SourceControl: Info Source control is disabled
[2017.07.29-14.34.33:297][  0]SourceControl: Info Source control is disabled
[2017.07.29-14.34.33:350][  0]SourceControl: Info Source control is disabled
[2017.07.29-14.34.33:399][  0]SourceControl: Info Source control is disabled
[2017.07.29-14.34.34:108][  0]LogAndroidPermission: UAndroidPermissionCallbackProxy::GetInstance
[2017.07.29-14.34.34:709][  0]LogEngine: Initializing Engine...
[2017.07.29-14.34.34:709][  0]LogHMD: Failed to initialize OpenVR with code 110
[2017.07.29-14.34.34:966][  0]LogStats: UGameplayTagsManager::ConstructGameplayTagTree: Construct from data asset -  0.000 s
[2017.07.29-14.34.34:966][  0]LogStats: UGameplayTagsManager::ConstructGameplayTagTree: GameplayTagTreeChangedEvent.Broadcast -  0.000 s
[2017.07.29-14.34.35:093][  0]LogAIModule: Creating AISystem for world Untitled
[2017.07.29-14.34.35:100][  0]LogInit: XAudio2 using 'Speakers / Headphones (Conexant SmartAudio HD)' : 2 channels at 48 kHz using 32 bits per sample (channel mask 0x3)
[2017.07.29-14.34.35:112][  0]LogInit: FAudioDevice initialized.
[2017.07.29-14.34.35:163][  0]LogDerivedDataCache: Saved boot cache 0.05s 90MB C:/Users/tommy/AppData/Local/UnrealEngine/4.16/DerivedDataCache/Boot.ddc.
[2017.07.29-14.34.35:184][  0]LogInit: Texture streaming: Enabled
[2017.07.29-14.34.35:282][  0]LogEngineSessionManager: EngineSessionManager initialized
[2017.07.29-14.34.35:506][  0]LogInit: Transaction tracking system initialized
[2017.07.29-14.34.35:821][  0]BlueprintLog: New page: Editor Load
[2017.07.29-14.34.36:758][  0]LocalizationService: Info Localization service is disabled
[2017.07.29-14.34.37:449][  0]LogConsoleResponse:Display: 
[2017.07.29-14.34.37:609][  0]LogCook:Display: Max memory allowance for cook 16384mb min free memory 0mb
[2017.07.29-14.34.37:609][  0]LogCook:Display: Mobile HDR setting 1
[2017.07.29-14.34.38:619][  0]LogFileCache: Scanning file cache for directory 'C:/Users/tommy/Desktop/GeometryCatcherComplete/Content/' took 0.01s
[2017.07.29-14.34.38:666][  0]SourceControl: Info Source control is disabled
[2017.07.29-14.34.38:666][  0]Cmd: MAP LOAD FILE="../../../../../../Users/tommy/Desktop/GeometryCatcherComplete/Content/GeometryCatcher/Maps/TutorialMap.umap" TEMPLATE=0 SHOWPROGRESS=1 FEATURELEVEL=3
[2017.07.29-14.34.38:671][  0]LightingResults: New page: Lighting Build
[2017.07.29-14.34.38:715][  0]MapCheck: New page: Map Check
[2017.07.29-14.34.38:715][  0]LightingResults: New page: Lighting Build
[2017.07.29-14.34.38:941][  0]LogAIModule: Creating AISystem for world TutorialMap
[2017.07.29-14.34.38:946][  0]LogEditorServer: Finished looking for orphan Actors (0.000 secs)
[2017.07.29-14.34.38:956][  0]Cmd: MAP CHECKDEP NOCLEARLOG
[2017.07.29-14.34.39:001][  0]MapCheck: Info Map check complete: 0 Error(s), 0 Warning(s), took 45.663ms to complete.
[2017.07.29-14.34.39:002][  0]LogFileHelpers: Loading map 'TutorialMap' took 0.336
[2017.07.29-14.34.39:144][  0]LogCollectionManager: Loaded 0 collections in 0.001798 seconds
[2017.07.29-14.34.39:225][  0]LogFileCache: Scanning file cache for directory 'C:/Users/tommy/Desktop/GeometryCatcherComplete/Saved/Collections/' took 0.01s
[2017.07.29-14.34.39:225][  0]LogFileCache: Scanning file cache for directory 'C:/Users/tommy/Desktop/GeometryCatcherComplete/Content/Developers/tommy/Collections/' took 0.01s
[2017.07.29-14.34.39:225][  0]LogFileCache: Scanning file cache for directory 'C:/Users/tommy/Desktop/GeometryCatcherComplete/Content/Collections/' took 0.01s
[2017.07.29-14.34.39:225][  0]LogCollectionManager: Rebuilt the GUID cache for 0 collections in 0.000002 seconds
[2017.07.29-14.34.39:234][  0]LogContentBrowser: Native class hierarchy populated in 0.0091 seconds. Added 2329 classes and 491 folders.
[2017.07.29-14.34.39:300][  0]LogContentBrowser: Native class hierarchy updated for 'WidgetCarousel' in 0.0005 seconds. Added 0 classes and 0 folders.
[2017.07.29-14.34.39:345][  0]LogContentBrowser: Native class hierarchy updated for 'AddContentDialog' in 0.0007 seconds. Added 0 classes and 0 folders.
[2017.07.29-14.34.39:390][  0]LogContentBrowser: Native class hierarchy updated for 'SceneOutliner' in 0.0005 seconds. Added 1 classes and 2 folders.
[2017.07.29-14.34.39:466][  0]LogCrashTracker: Crashtracker disabled due to settings.
[2017.07.29-14.34.39:472][  0]LogSlate: Took 0.000233 seconds to synchronously load lazily loaded font '../../../Engine/Content/Slate/Fonts/Roboto-Regular.ttf' (155K)
[2017.07.29-14.34.39:475][  0]LogSlate: Took 0.000233 seconds to synchronously load lazily loaded font '../../../Engine/Content/Slate/Fonts/Roboto-Bold.ttf' (160K)
[2017.07.29-14.34.39:486][  0]LogSlate: Took 0.000352 seconds to synchronously load lazily loaded font '../../../Engine/Content/Editor/Slate/Fonts/FontAwesome.ttf' (139K)
[2017.07.29-14.34.39:622][  0]LogRenderer: Reallocating scene render targets to support 1124x628 NumSamples 1 (Frame:1).
[2017.07.29-14.34.39:768][  0]LogUObjectGlobals:Warning: Failed to find object 'Class None.'
[2017.07.29-14.34.39:839][  0]LogContentBrowser: Native class hierarchy updated for 'HierarchicalLODOutliner' in 0.0006 seconds. Added 1 classes and 2 folders.
[2017.07.29-14.34.39:840][  0]LogLoad: (Engine Initialization) Total time: 17.94 seconds
[2017.07.29-14.34.39:840][  0]LogLoad: (Engine Initialization) Total Blueprint compile time: 0.09 seconds
[2017.07.29-14.34.39:840][  0]LogExternalProfiler: No external profilers were discovered.  External profiling features will not be available.
[2017.07.29-14.34.40:180][  0]LogOcInput: OculusInput pre-init called
[2017.07.29-14.34.40:180][  0]LogHMD: Starting GearVRController plugin
[2017.07.29-14.34.40:193][  0]LogAssetRegistry: Asset discovery search completed in 10.5774 seconds
[2017.07.29-14.34.40:196][  0]LogCollectionManager: Rebuilt the object cache for 0 collections in 0.000005 seconds (found 0 objects)
[2017.07.29-14.34.40:196][  0]LogCollectionManager: Fixed up redirectors for 0 collections in 0.000232 seconds (updated 0 objects)
[2017.07.29-14.34.40:199][  0]LogContentStreaming: Texture pool size now 1000 MB
[2017.07.29-14.34.40:245][  0]LogSlate: Took 0.000256 seconds to synchronously load lazily loaded font '../../../Engine/Content/Slate/Fonts/Roboto-Light.ttf' (159K)
[2017.07.29-14.35.01:695][221]LogTemp: Repeting last play command: New Editor Window (PIE)
[2017.07.29-14.35.01:728][221]LogBlueprintUserMessages: Early PlayInEditor Detection: Level '/Game/GeometryCatcher/Maps/TutorialMap.TutorialMap:PersistentLevel' has LevelScriptBlueprint '/Game/GeometryCatcher/Maps/TutorialMap.TutorialMap:PersistentLevel.TutorialMap' with GeneratedClass '/Game/GeometryCatcher/Maps/TutorialMap.TutorialMap_C' with ClassGeneratedBy '/Game/GeometryCatcher/Maps/TutorialMap.TutorialMap:PersistentLevel.TutorialMap'
[2017.07.29-14.35.01:728][221]LogPlayLevel: PlayLevel: No blueprints needed recompiling
[2017.07.29-14.35.01:728][221]PIE: New page: PIE session: TutorialMap (30 Jul 2017 10:35:01 am)
[2017.07.29-14.35.01:729][221]LogPlayLevel: Creating play world package: /Game/GeometryCatcher/Maps/UEDPIE_0_TutorialMap
[2017.07.29-14.35.01:731][221]LogPlayLevel: PIE: StaticDuplicateObject took: (0.002206s)
[2017.07.29-14.35.01:732][221]LogAIModule: Creating AISystem for world TutorialMap
[2017.07.29-14.35.01:732][221]LogPlayLevel: PIE: World Init took: (0.001031s)
[2017.07.29-14.35.01:732][221]LogPlayLevel: PIE: Created PIE world by copying editor world from /Game/GeometryCatcher/Maps/TutorialMap.TutorialMap to /Game/GeometryCatcher/Maps/UEDPIE_0_TutorialMap.TutorialMap (0.003468s)
[2017.07.29-14.35.01:741][221]LogInit: XAudio2 using 'Speakers / Headphones (Conexant SmartAudio HD)' : 2 channels at 48 kHz using 32 bits per sample (channel mask 0x3)
[2017.07.29-14.35.01:751][221]LogInit: FAudioDevice initialized.
[2017.07.29-14.35.01:810][221]LogLoad: Game class is 'GM_Tutorial_C'
[2017.07.29-14.35.01:814][221]LogWorld: Bringing World /Game/GeometryCatcher/Maps/UEDPIE_0_TutorialMap.TutorialMap up for play (max tick rate 60) at 2017.07.30-00.35.01
[2017.07.29-14.35.01:814][221]LogWorld: Bringing up level for play took: 0.001539
[2017.07.29-14.35.01:860][221]LogContentBrowser: Native class hierarchy updated for 'MovieSceneCapture' in 0.0006 seconds. Added 11 classes and 0 folders.
[2017.07.29-14.35.01:864][221]PIE: Info Play in editor start time for /Game/GeometryCatcher/Maps/UEDPIE_0_TutorialMap -0.26
[2017.07.29-14.35.01:865][221]LogBlueprintUserMessages: Late PlayInEditor Detection: Level '/Game/GeometryCatcher/Maps/TutorialMap.TutorialMap:PersistentLevel' has LevelScriptBlueprint '/Game/GeometryCatcher/Maps/TutorialMap.TutorialMap:PersistentLevel.TutorialMap' with GeneratedClass '/Game/GeometryCatcher/Maps/TutorialMap.TutorialMap_C' with ClassGeneratedBy '/Game/GeometryCatcher/Maps/TutorialMap.TutorialMap:PersistentLevel.TutorialMap'
[2017.07.29-14.35.02:449][249]LogBlueprintUserMessages: Early EndPlayMap Detection: Level '/Game/GeometryCatcher/Maps/TutorialMap.TutorialMap:PersistentLevel' has LevelScriptBlueprint '/Game/GeometryCatcher/Maps/TutorialMap.TutorialMap:PersistentLevel.TutorialMap' with GeneratedClass '/Game/GeometryCatcher/Maps/TutorialMap.TutorialMap_C' with ClassGeneratedBy '/Game/GeometryCatcher/Maps/TutorialMap.TutorialMap:PersistentLevel.TutorialMap'
[2017.07.29-14.35.02:501][249]LogBlueprintUserMessages: Late EndPlayMap Detection: Level '/Game/GeometryCatcher/Maps/TutorialMap.TutorialMap:PersistentLevel' has LevelScriptBlueprint '/Game/GeometryCatcher/Maps/TutorialMap.TutorialMap:PersistentLevel.TutorialMap' with GeneratedClass '/Game/GeometryCatcher/Maps/TutorialMap.TutorialMap_C' with ClassGeneratedBy '/Game/GeometryCatcher/Maps/TutorialMap.TutorialMap:PersistentLevel.TutorialMap'
[2017.07.29-14.35.04:211][349]LogBlueprintUserMessages: Early PlayInEditor Detection: Level '/Game/GeometryCatcher/Maps/TutorialMap.TutorialMap:PersistentLevel' has LevelScriptBlueprint '/Game/GeometryCatcher/Maps/TutorialMap.TutorialMap:PersistentLevel.TutorialMap' with GeneratedClass '/Game/GeometryCatcher/Maps/TutorialMap.TutorialMap_C' with ClassGeneratedBy '/Game/GeometryCatcher/Maps/TutorialMap.TutorialMap:PersistentLevel.TutorialMap'
[2017.07.29-14.35.04:211][349]LogPlayLevel: PlayLevel: No blueprints needed recompiling
[2017.07.29-14.35.04:211][349]PIE: New page: PIE session: TutorialMap (30 Jul 2017 10:35:04 am)
[2017.07.29-14.35.04:211][349]LogPlayLevel: Creating play world package: /Game/GeometryCatcher/Maps/UEDPIE_0_TutorialMap
[2017.07.29-14.35.04:214][349]LogPlayLevel: PIE: StaticDuplicateObject took: (0.002424s)
[2017.07.29-14.35.04:214][349]LogAIModule: Creating AISystem for world TutorialMap
[2017.07.29-14.35.04:215][349]LogPlayLevel: PIE: World Init took: (0.000843s)
[2017.07.29-14.35.04:215][349]LogPlayLevel: PIE: Created PIE world by copying editor world from /Game/GeometryCatcher/Maps/TutorialMap.TutorialMap to /Game/GeometryCatcher/Maps/UEDPIE_0_TutorialMap.TutorialMap (0.003525s)
[2017.07.29-14.35.04:227][349]LogInit: XAudio2 using 'Speakers / Headphones (Conexant SmartAudio HD)' : 2 channels at 48 kHz using 32 bits per sample (channel mask 0x3)
[2017.07.29-14.35.04:236][349]LogInit: FAudioDevice initialized.
[2017.07.29-14.35.04:271][349]LogLoad: Game class is 'GM_Tutorial_C'
[2017.07.29-14.35.04:274][349]LogWorld: Bringing World /Game/GeometryCatcher/Maps/UEDPIE_0_TutorialMap.TutorialMap up for play (max tick rate 60) at 2017.07.30-00.35.04
[2017.07.29-14.35.04:274][349]LogWorld: Bringing up level for play took: 0.001211
[2017.07.29-14.35.04:275][349]PIE: Info Play in editor start time for /Game/GeometryCatcher/Maps/UEDPIE_0_TutorialMap 0.151
[2017.07.29-14.35.04:275][349]LogBlueprintUserMessages: Late PlayInEditor Detection: Level '/Game/GeometryCatcher/Maps/TutorialMap.TutorialMap:PersistentLevel' has LevelScriptBlueprint '/Game/GeometryCatcher/Maps/TutorialMap.TutorialMap:PersistentLevel.TutorialMap' with GeneratedClass '/Game/GeometryCatcher/Maps/TutorialMap.TutorialMap_C' with ClassGeneratedBy '/Game/GeometryCatcher/Maps/TutorialMap.TutorialMap:PersistentLevel.TutorialMap'
[2017.07.29-14.35.04:743][377]LogBlueprintUserMessages: Early EndPlayMap Detection: Level '/Game/GeometryCatcher/Maps/TutorialMap.TutorialMap:PersistentLevel' has LevelScriptBlueprint '/Game/GeometryCatcher/Maps/TutorialMap.TutorialMap:PersistentLevel.TutorialMap' with GeneratedClass '/Game/GeometryCatcher/Maps/TutorialMap.TutorialMap_C' with ClassGeneratedBy '/Game/GeometryCatcher/Maps/TutorialMap.TutorialMap:PersistentLevel.TutorialMap'
[2017.07.29-14.35.04:775][377]LogBlueprintUserMessages: Late EndPlayMap Detection: Level '/Game/GeometryCatcher/Maps/TutorialMap.TutorialMap:PersistentLevel' has LevelScriptBlueprint '/Game/GeometryCatcher/Maps/TutorialMap.TutorialMap:PersistentLevel.TutorialMap' with GeneratedClass '/Game/GeometryCatcher/Maps/TutorialMap.TutorialMap_C' with ClassGeneratedBy '/Game/GeometryCatcher/Maps/TutorialMap.TutorialMap:PersistentLevel.TutorialMap'
[2017.07.29-14.57.22:112][304]LogTemp: Repeting last play command: Selected Viewport
[2017.07.29-14.57.22:131][304]LogBlueprintUserMessages: Early PlayInEditor Detection: Level '/Game/GeometryCatcher/Maps/TutorialMap.TutorialMap:PersistentLevel' has LevelScriptBlueprint '/Game/GeometryCatcher/Maps/TutorialMap.TutorialMap:PersistentLevel.TutorialMap' with GeneratedClass '/Game/GeometryCatcher/Maps/TutorialMap.TutorialMap_C' with ClassGeneratedBy '/Game/GeometryCatcher/Maps/TutorialMap.TutorialMap:PersistentLevel.TutorialMap'
[2017.07.29-14.57.22:131][304]LogPlayLevel: PlayLevel: No blueprints needed recompiling
[2017.07.29-14.57.22:131][304]PIE: New page: PIE session: TutorialMap (30 Jul 2017 10:57:22 am)
[2017.07.29-14.57.22:131][304]LogPlayLevel: Creating play world package: /Game/GeometryCatcher/Maps/UEDPIE_0_TutorialMap
[2017.07.29-14.57.22:134][304]LogPlayLevel: PIE: StaticDuplicateObject took: (0.002847s)
[2017.07.29-14.57.22:135][304]LogAIModule: Creating AISystem for world TutorialMap
[2017.07.29-14.57.22:135][304]LogPlayLevel: PIE: World Init took: (0.001246s)
[2017.07.29-14.57.22:135][304]LogPlayLevel: PIE: Created PIE world by copying editor world from /Game/GeometryCatcher/Maps/TutorialMap.TutorialMap to /Game/GeometryCatcher/Maps/UEDPIE_0_TutorialMap.TutorialMap (0.004372s)
[2017.07.29-14.57.22:174][304]LogInit: XAudio2 using 'Speakers / Headphones (Conexant SmartAudio HD)' : 2 channels at 48 kHz using 32 bits per sample (channel mask 0x3)
[2017.07.29-14.57.22:187][304]LogInit: FAudioDevice initialized.
[2017.07.29-14.57.22:221][304]LogLoad: Game class is 'GM_Tutorial_C'
[2017.07.29-14.57.22:224][304]LogWorld: Bringing World /Game/GeometryCatcher/Maps/UEDPIE_0_TutorialMap.TutorialMap up for play (max tick rate 60) at 2017.07.30-00.57.22
[2017.07.29-14.57.22:224][304]LogWorld: Bringing up level for play took: 0.001298
[2017.07.29-14.57.22:225][304]PIE: Info Play in editor start time for /Game/GeometryCatcher/Maps/UEDPIE_0_TutorialMap 0.101
[2017.07.29-14.57.22:226][304]LogBlueprintUserMessages: Late PlayInEditor Detection: Level '/Game/GeometryCatcher/Maps/TutorialMap.TutorialMap:PersistentLevel' has LevelScriptBlueprint '/Game/GeometryCatcher/Maps/TutorialMap.TutorialMap:PersistentLevel.TutorialMap' with GeneratedClass '/Game/GeometryCatcher/Maps/TutorialMap.TutorialMap_C' with ClassGeneratedBy '/Game/GeometryCatcher/Maps/TutorialMap.TutorialMap:PersistentLevel.TutorialMap'
[2017.07.29-14.57.35:751][115]LogBlueprintUserMessages: Early EndPlayMap Detection: Level '/Game/GeometryCatcher/Maps/TutorialMap.TutorialMap:PersistentLevel' has LevelScriptBlueprint '/Game/GeometryCatcher/Maps/TutorialMap.TutorialMap:PersistentLevel.TutorialMap' with GeneratedClass '/Game/GeometryCatcher/Maps/TutorialMap.TutorialMap_C' with ClassGeneratedBy '/Game/GeometryCatcher/Maps/TutorialMap.TutorialMap:PersistentLevel.TutorialMap'
[2017.07.29-14.57.35:789][115]LogBlueprintUserMessages: Late EndPlayMap Detection: Level '/Game/GeometryCatcher/Maps/TutorialMap.TutorialMap:PersistentLevel' has LevelScriptBlueprint '/Game/GeometryCatcher/Maps/TutorialMap.TutorialMap:PersistentLevel.TutorialMap' with GeneratedClass '/Game/GeometryCatcher/Maps/TutorialMap.TutorialMap_C' with ClassGeneratedBy '/Game/GeometryCatcher/Maps/TutorialMap.TutorialMap:PersistentLevel.TutorialMap'
[2017.07.29-15.06.01:980][233]LogLinker: Can't find file '/Game/GeometryCatcher/UI/NewWidgetBlueprint'
[2017.07.29-15.06.01:980][233]LogLinker: Can't find file '/Game/GeometryCatcher/UI/NewWidgetBlueprint'
[2017.07.29-15.06.02:936][290]LogSlate: Took 0.000127 seconds to synchronously load lazily loaded font '../../../Engine/Content/Slate/Fonts/Roboto-Light.ttf' (159K)
[2017.07.29-15.06.03:338][290]LogContentBrowser: Native class hierarchy updated for 'BlueprintGraph' in 0.0009 seconds. Added 112 classes and 0 folders.
[2017.07.29-15.06.03:940][290]LogSlate: Took 0.000121 seconds to synchronously load lazily loaded font '../../../Engine/Content/Slate/Fonts/Roboto-Light.ttf' (159K)
[2017.07.29-15.06.03:941][290]LogSlate: Took 0.000135 seconds to synchronously load lazily loaded font '../../../Engine/Content/Editor/Slate/Fonts/Roboto-BoldCondensed.ttf' (158K)
[2017.07.29-15.06.39:609][455]LogFileHelpers: Editor autosave (incl. sublevels) for '/Game/GeometryCatcher/Maps/TutorialMap' took 0.019
[2017.07.29-15.06.39:611][455]OBJ SavePackage: Generating thumbnails for [0] asset(s) in package [/Game/GeometryCatcher/UI/NewWidgetBlueprint] ([1] browsable assets)...
[2017.07.29-15.06.39:611][455]OBJ SavePackage: Finished generating thumbnails for package [/Game/GeometryCatcher/UI/NewWidgetBlueprint]
[2017.07.29-15.06.39:627][455]LogSavePackage: Save=13.82ms
[2017.07.29-15.06.39:627][455]LogSavePackage: Moving '../../../../../../Users/tommy/Desktop/GeometryCatcherComplete/Saved/NewWidgetBlueprint_Auto1BDC03E4F4BD01E231E827CB93EC8DA62.tmp' to '../../../../../../Users/tommy/Desktop/GeometryCatcherComplete/Saved/Autosaves/Game/GeometryCatcher/UI/NewWidgetBlueprint_Auto1.uasset'
[2017.07.29-15.06.39:628][455]LogSavePackage:Display: Finished SavePackage ../../../../../../Users/tommy/Desktop/GeometryCatcherComplete/Saved/Autosaves/Game/GeometryCatcher/UI/NewWidgetBlueprint_Auto1.uasset
[2017.07.29-15.06.39:628][455]LogFileHelpers: Auto-saving content packages took 0.019
[2017.07.29-15.16.44:079][259]LogSlate: Took 0.022480 seconds to synchronously load lazily loaded font '../../../Engine/Content/Slate/Fonts/DroidSansFallback.ttf' (3848K)
[2017.07.29-15.18.34:146][302]LogSavePackage: Save=38.89ms
[2017.07.29-15.18.34:146][302]LogSavePackage: Moving '../../../../../../Users/tommy/Desktop/GeometryCatcherComplete/Saved/NewWidgetBlueprint3B758C5440727168A4B7E19ECB52DCF2.tmp' to '../../../../../../Users/tommy/Desktop/GeometryCatcherComplete/Content/GeometryCatcher/UI/NewWidgetBlueprint.uasset'
[2017.07.29-15.18.34:152][302]LogSavePackage:Display: Finished SavePackage ../../../../../../Users/tommy/Desktop/GeometryCatcherComplete/Content/GeometryCatcher/UI/NewWidgetBlueprint.uasset
[2017.07.29-15.18.35:000][343]BlueprintLog: New page: Compile NewWidgetBlueprint
[2017.07.29-15.18.35:118][343]BlueprintEditorCompileResults: Info Fast Template Successfully Created.
[2017.07.29-15.18.51:875][273]LogSlate: Took 0.000235 seconds to synchronously load lazily loaded font '../../../Engine/Content/Editor/Slate/Fonts/Roboto-Italic.ttf' (157K)
[2017.07.29-15.18.55:438][487]BlueprintLog: New page: Compile TutorialMap
[2017.07.29-15.18.58:382][657]LogTemp: Repeting last play command: Selected Viewport
[2017.07.29-15.18.58:405][657]LogBlueprintUserMessages: Early PlayInEditor Detection: Level '/Game/GeometryCatcher/Maps/TutorialMap.TutorialMap:PersistentLevel' has LevelScriptBlueprint '/Game/GeometryCatcher/Maps/TutorialMap.TutorialMap:PersistentLevel.TutorialMap' with GeneratedClass '/Game/GeometryCatcher/Maps/TutorialMap.TutorialMap_C' with ClassGeneratedBy '/Game/GeometryCatcher/Maps/TutorialMap.TutorialMap:PersistentLevel.TutorialMap'
[2017.07.29-15.18.58:405][657]LogPlayLevel: PlayLevel: No blueprints needed recompiling
[2017.07.29-15.18.58:405][657]PIE: New page: PIE session: TutorialMap (30 Jul 2017 11:18:58 am)
[2017.07.29-15.18.58:405][657]LogPlayLevel: Creating play world package: /Game/GeometryCatcher/Maps/UEDPIE_0_TutorialMap
[2017.07.29-15.18.58:408][657]LogPlayLevel: PIE: StaticDuplicateObject took: (0.002277s)
[2017.07.29-15.18.58:408][657]LogAIModule: Creating AISystem for world TutorialMap
[2017.07.29-15.18.58:408][657]LogPlayLevel: PIE: World Init took: (0.000581s)
[2017.07.29-15.18.58:408][657]LogPlayLevel: PIE: Created PIE world by copying editor world from /Game/GeometryCatcher/Maps/TutorialMap.TutorialMap to /Game/GeometryCatcher/Maps/UEDPIE_0_TutorialMap.TutorialMap (0.003049s)
[2017.07.29-15.18.58:453][657]LogInit: XAudio2 using 'Speakers / Headphones (Conexant SmartAudio HD)' : 2 channels at 48 kHz using 32 bits per sample (channel mask 0x3)
[2017.07.29-15.18.58:463][657]LogInit: FAudioDevice initialized.
[2017.07.29-15.18.58:495][657]LogLoad: Game class is 'GM_Tutorial_C'
[2017.07.29-15.18.58:498][657]LogWorld: Bringing World /Game/GeometryCatcher/Maps/UEDPIE_0_TutorialMap.TutorialMap up for play (max tick rate 60) at 2017.07.30-01.18.58
[2017.07.29-15.18.58:498][657]LogWorld: Bringing up level for play took: 0.001214
[2017.07.29-15.18.58:499][657]PIE: Info Play in editor start time for /Game/GeometryCatcher/Maps/UEDPIE_0_TutorialMap 0.374
[2017.07.29-15.18.58:499][657]LogBlueprintUserMessages: Late PlayInEditor Detection: Level '/Game/GeometryCatcher/Maps/TutorialMap.TutorialMap:PersistentLevel' has LevelScriptBlueprint '/Game/GeometryCatcher/Maps/TutorialMap.TutorialMap:PersistentLevel.TutorialMap' with GeneratedClass '/Game/GeometryCatcher/Maps/TutorialMap.TutorialMap_C' with ClassGeneratedBy '/Game/GeometryCatcher/Maps/TutorialMap.TutorialMap:PersistentLevel.TutorialMap'
[2017.07.29-15.19.05:234][752]LogBlueprintUserMessages: Early EndPlayMap Detection: Level '/Game/GeometryCatcher/Maps/TutorialMap.TutorialMap:PersistentLevel' has LevelScriptBlueprint '/Game/GeometryCatcher/Maps/TutorialMap.TutorialMap:PersistentLevel.TutorialMap' with GeneratedClass '/Game/GeometryCatcher/Maps/TutorialMap.TutorialMap_C' with ClassGeneratedBy '/Game/GeometryCatcher/Maps/TutorialMap.TutorialMap:PersistentLevel.TutorialMap'
[2017.07.29-15.19.05:274][752]LogBlueprintUserMessages: Late EndPlayMap Detection: Level '/Game/GeometryCatcher/Maps/TutorialMap.TutorialMap:PersistentLevel' has LevelScriptBlueprint '/Game/GeometryCatcher/Maps/TutorialMap.TutorialMap:PersistentLevel.TutorialMap' with GeneratedClass '/Game/GeometryCatcher/Maps/TutorialMap.TutorialMap_C' with ClassGeneratedBy '/Game/GeometryCatcher/Maps/TutorialMap.TutorialMap:PersistentLevel.TutorialMap'
[2017.07.29-15.19.07:414][875]LogBlueprintUserMessages: Early PlayInEditor Detection: Level '/Game/GeometryCatcher/Maps/TutorialMap.TutorialMap:PersistentLevel' has LevelScriptBlueprint '/Game/GeometryCatcher/Maps/TutorialMap.TutorialMap:PersistentLevel.TutorialMap' with GeneratedClass '/Game/GeometryCatcher/Maps/TutorialMap.TutorialMap_C' with ClassGeneratedBy '/Game/GeometryCatcher/Maps/TutorialMap.TutorialMap:PersistentLevel.TutorialMap'
[2017.07.29-15.19.07:414][875]LogPlayLevel: PlayLevel: No blueprints needed recompiling
[2017.07.29-15.19.07:414][875]PIE: New page: PIE session: TutorialMap (30 Jul 2017 11:19:07 am)
[2017.07.29-15.19.07:414][875]LogPlayLevel: Creating play world package: /Game/GeometryCatcher/Maps/UEDPIE_0_TutorialMap
[2017.07.29-15.19.07:417][875]LogPlayLevel: PIE: StaticDuplicateObject took: (0.002625s)
[2017.07.29-15.19.07:417][875]LogAIModule: Creating AISystem for world TutorialMap
[2017.07.29-15.19.07:418][875]LogPlayLevel: PIE: World Init took: (0.000752s)
[2017.07.29-15.19.07:418][875]LogPlayLevel: PIE: Created PIE world by copying editor world from /Game/GeometryCatcher/Maps/TutorialMap.TutorialMap to /Game/GeometryCatcher/Maps/UEDPIE_0_TutorialMap.TutorialMap (0.003641s)
[2017.07.29-15.19.07:468][875]LogInit: XAudio2 using 'Speakers / Headphones (Conexant SmartAudio HD)' : 2 channels at 48 kHz using 32 bits per sample (channel mask 0x3)
[2017.07.29-15.19.07:477][875]LogInit: FAudioDevice initialized.
[2017.07.29-15.19.07:524][875]LogLoad: Game class is 'GM_Tutorial_C'
[2017.07.29-15.19.07:528][875]LogWorld: Bringing World /Game/GeometryCatcher/Maps/UEDPIE_0_TutorialMap.TutorialMap up for play (max tick rate 60) at 2017.07.30-01.19.07
[2017.07.29-15.19.07:529][875]LogWorld: Bringing up level for play took: 0.002375
[2017.07.29-15.19.07:534][875]PIE: Info Play in editor start time for /Game/GeometryCatcher/Maps/UEDPIE_0_TutorialMap -0.59
[2017.07.29-15.19.07:535][875]LogBlueprintUserMessages: Late PlayInEditor Detection: Level '/Game/GeometryCatcher/Maps/TutorialMap.TutorialMap:PersistentLevel' has LevelScriptBlueprint '/Game/GeometryCatcher/Maps/TutorialMap.TutorialMap:PersistentLevel.TutorialMap' with GeneratedClass '/Game/GeometryCatcher/Maps/TutorialMap.TutorialMap_C' with ClassGeneratedBy '/Game/GeometryCatcher/Maps/TutorialMap.TutorialMap:PersistentLevel.TutorialMap'
[2017.07.29-15.19.09:208][973]Set new viewmode: Wireframe
[2017.07.29-15.19.12:221][154]Set new viewmode: Unlit
[2017.07.29-15.19.14:390][282]LogRenderer: Reallocating scene render targets to support 1920x1016 NumSamples 1 (Frame:409).
[2017.07.29-15.19.56:499][735]LogBlueprintUserMessages: Early EndPlayMap Detection: Level '/Game/GeometryCatcher/Maps/TutorialMap.TutorialMap:PersistentLevel' has LevelScriptBlueprint '/Game/GeometryCatcher/Maps/TutorialMap.TutorialMap:PersistentLevel.TutorialMap' with GeneratedClass '/Game/GeometryCatcher/Maps/TutorialMap.TutorialMap_C' with ClassGeneratedBy '/Game/GeometryCatcher/Maps/TutorialMap.TutorialMap:PersistentLevel.TutorialMap'
[2017.07.29-15.19.56:559][735]LogBlueprintUserMessages: Late EndPlayMap Detection: Level '/Game/GeometryCatcher/Maps/TutorialMap.TutorialMap:PersistentLevel' has LevelScriptBlueprint '/Game/GeometryCatcher/Maps/TutorialMap.TutorialMap:PersistentLevel.TutorialMap' with GeneratedClass '/Game/GeometryCatcher/Maps/TutorialMap.TutorialMap_C' with ClassGeneratedBy '/Game/GeometryCatcher/Maps/TutorialMap.TutorialMap:PersistentLevel.TutorialMap'
[2017.07.29-15.20.21:575][888]LogSavePackage: Save=111.91ms
[2017.07.29-15.20.21:575][888]LogSavePackage: Moving '../../../../../../Users/tommy/Desktop/GeometryCatcherComplete/Saved/TutorialMap_Auto21DA5839B42FE50897BFDA1A2F8D3C310.tmp' to '../../../../../../Users/tommy/Desktop/GeometryCatcherComplete/Saved/Autosaves/Game/GeometryCatcher/Maps/TutorialMap_Auto2.umap'
[2017.07.29-15.20.21:577][888]LogSavePackage:Display: Finished SavePackage ../../../../../../Users/tommy/Desktop/GeometryCatcherComplete/Saved/Autosaves/Game/GeometryCatcher/Maps/TutorialMap_Auto2.umap
[2017.07.29-15.20.21:582][888]LogFileHelpers: Editor autosave (incl. sublevels) for '/Game/GeometryCatcher/Maps/TutorialMap' took 0.158
[2017.07.29-15.20.21:583][888]LogFileHelpers: Editor autosave (incl. sublevels) for all levels took 0.158
[2017.07.29-15.22.01:384][390]BlueprintLog: New page: Compile TutorialMap
[2017.07.29-15.22.02:398][427]LogSavePackage: Save=106.15ms
[2017.07.29-15.22.02:399][427]LogSavePackage: Moving '../../../../../../Users/tommy/Desktop/GeometryCatcherComplete/Saved/TutorialMapDCB195964FD580E8A357A89E6584199D.tmp' to '../../../../../../Users/tommy/Desktop/GeometryCatcherComplete/Content/GeometryCatcher/Maps/TutorialMap.umap'
[2017.07.29-15.22.02:404][427]LogSavePackage:Display: Finished SavePackage ../../../../../../Users/tommy/Desktop/GeometryCatcherComplete/Content/GeometryCatcher/Maps/TutorialMap.umap
[2017.07.29-15.22.02:448][427]LogFileHelpers: Saving map 'TutorialMap' took 0.242
[2017.07.29-15.22.08:580][663]LogSavePackage: Save=96.69ms
[2017.07.29-15.22.08:581][663]LogSavePackage: Moving '../../../../../../Users/tommy/Desktop/GeometryCatcherComplete/Saved/TutorialMapB9AA5E654E0BE1DB82669C9CAC69EB79.tmp' to '../../../../../../Users/tommy/Desktop/GeometryCatcherComplete/Content/GeometryCatcher/Maps/TutorialMap.umap'
[2017.07.29-15.22.08:582][663]LogSavePackage:Display: Finished SavePackage ../../../../../../Users/tommy/Desktop/GeometryCatcherComplete/Content/GeometryCatcher/Maps/TutorialMap.umap
[2017.07.29-15.22.10:318][736]Cmd: QUIT_EDITOR
[2017.07.29-15.22.11:006][736]LogWindowsTextInputMethodSystem:Display: IME system now deactivated.
[2017.07.29-15.22.11:021][736]LogExit: Preparing to exit.
[2017.07.29-15.22.11:504][736]LogDirectoryWatcher: A directory notification for 'C:/Users/tommy/Desktop/GeometryCatcherComplete/Content/' was aborted.
[2017.07.29-15.22.11:583][736]LogExit: Editor shut down
[2017.07.29-15.22.11:615][736]LogExit: Transaction tracking system shut down
[2017.07.29-15.22.11:722][736]LogObj: Freed 0b from 0 cluster array pools.
[2017.07.29-15.22.11:722][736]LogExit: Object subsystem successfully closed.
[2017.07.29-15.22.11:751][736]LogD3D11RHI: Shutdown
[2017.07.29-15.22.11:751][736]LogD3D11RHI: CleanupD3DDevice
[2017.07.29-15.22.11:827][736]LogD3D11RHI: ~FD3D11DynamicRHI
[2017.07.29-15.22.11:846][736]LogModuleManager: Shutting down and abandoning module SequencerWidgets (532)
[2017.07.29-15.22.11:846][736]LogModuleManager: Shutting down and abandoning module BlueprintGraph (530)
[2017.07.29-15.22.11:846][736]LogModuleManager: Shutting down and abandoning module BlueprintProfiler (528)
[2017.07.29-15.22.11:846][736]LogModuleManager: Shutting down and abandoning module MovieSceneCapture (526)
[2017.07.29-15.22.11:846][736]LogModuleManager: Shutting down and abandoning module HierarchicalLODOutliner (524)
[2017.07.29-15.22.11:846][736]LogModuleManager: Shutting down and abandoning module CrashTracker (522)
[2017.07.29-15.22.11:846][736]LogModuleManager: Shutting down and abandoning module SceneOutliner (520)
[2017.07.29-15.22.11:846][736]LogModuleManager: Shutting down and abandoning module AddContentDialog (518)
[2017.07.29-15.22.11:846][736]LogDirectoryWatcher: A directory notification for 'C:/Program Files/Epic Games/UE_4.16/FeaturePacks/' was aborted.
[2017.07.29-15.22.11:852][736]LogModuleManager: Shutting down and abandoning module WidgetCarousel (517)
[2017.07.29-15.22.11:852][736]LogModuleManager: Shutting down and abandoning module EditorWidgets (514)
[2017.07.29-15.22.11:852][736]LogModuleManager: Shutting down and abandoning module CollectionManager (512)
[2017.07.29-15.22.11:852][736]LogDirectoryWatcher: A directory notification for 'C:/Users/tommy/Desktop/GeometryCatcherComplete/Content/Collections/' was aborted.
[2017.07.29-15.22.11:852][736]LogDirectoryWatcher: A directory notification for 'C:/Users/tommy/Desktop/GeometryCatcherComplete/Content/Developers/tommy/Collections/' was aborted.
[2017.07.29-15.22.11:852][736]LogDirectoryWatcher: A directory notification for 'C:/Users/tommy/Desktop/GeometryCatcherComplete/Saved/Collections/' was aborted.
[2017.07.29-15.22.11:852][736]LogModuleManager: Shutting down and abandoning module StatsViewer (510)
[2017.07.29-15.22.11:852][736]LogModuleManager: Shutting down and abandoning module FoliageEdit (508)
[2017.07.29-15.22.11:852][736]LogModuleManager: Shutting down and abandoning module LandscapeEditor (506)
[2017.07.29-15.22.11:852][736]LogModuleManager: Shutting down and abandoning module MeshPaintMode (504)
[2017.07.29-15.22.11:852][736]LogModuleManager: Shutting down and abandoning module SceneDepthPickerMode (502)
[2017.07.29-15.22.11:852][736]LogModuleManager: Shutting down and abandoning module ActorPickerMode (500)
[2017.07.29-15.22.11:852][736]LogModuleManager: Shutting down and abandoning module GeometryMode (498)
[2017.07.29-15.22.11:852][736]LogModuleManager: Shutting down and abandoning module TextureAlignMode (496)
[2017.07.29-15.22.11:852][736]LogModuleManager: Shutting down and abandoning module BspMode (494)
[2017.07.29-15.22.11:852][736]LogModuleManager: Shutting down and abandoning module HardwareSurvey (492)
[2017.07.29-15.22.11:852][736]LogModuleManager: Shutting down and abandoning module SequenceRecorderSections (490)
[2017.07.29-15.22.11:852][736]LogModuleManager: Shutting down and abandoning module AutomationWorker (488)
[2017.07.29-15.22.11:852][736]LogModuleManager: Shutting down and abandoning module MatineeToLevelSequence (486)
[2017.07.29-15.22.11:852][736]LogModuleManager: Shutting down and abandoning module LevelSequenceEditor (484)
[2017.07.29-15.22.11:852][736]LogModuleManager: Shutting down and abandoning module PlacementMode (483)
[2017.07.29-15.22.11:852][736]LogModuleManager: Shutting down and abandoning module WmfMediaFactory (480)
[2017.07.29-15.22.11:852][736]LogModuleManager: Shutting down and abandoning module WmfMediaEditor (478)
[2017.07.29-15.22.11:852][736]LogModuleManager: Shutting down and abandoning module AvfMediaFactory (476)
[2017.07.29-15.22.11:852][736]LogModuleManager: Shutting down and abandoning module AvfMediaEditor (474)
[2017.07.29-15.22.11:852][736]LogModuleManager: Shutting down and abandoning module AndroidMediaFactory (472)
[2017.07.29-15.22.11:852][736]LogModuleManager: Shutting down and abandoning module Media (471)
[2017.07.29-15.22.11:853][736]LogModuleManager: Shutting down and abandoning module AndroidMediaEditor (468)
[2017.07.29-15.22.11:853][736]LogModuleManager: Shutting down and abandoning module CharacterAI (466)
[2017.07.29-15.22.11:853][736]LogModuleManager: Shutting down and abandoning module AudioCapture (464)
[2017.07.29-15.22.11:853][736]LogModuleManager: Shutting down and abandoning module SequenceRecorder (463)
[2017.07.29-15.22.11:853][736]LogModuleManager: Shutting down and abandoning module SmartSnapping (460)
[2017.07.29-15.22.11:853][736]LogModuleManager: Shutting down and abandoning module SessionServices (458)
[2017.07.29-15.22.11:853][736]LogModuleManager: Shutting down and abandoning module ViewportSnapping (456)
[2017.07.29-15.22.11:853][736]LogModuleManager: Shutting down and abandoning module ViewportInteraction (454)
[2017.07.29-15.22.11:853][736]LogModuleManager: Shutting down and abandoning module ClothPainter (452)
[2017.07.29-15.22.11:853][736]LogModuleManager: Shutting down and abandoning module LogVisualizer (450)
[2017.07.29-15.22.11:853][736]LogModuleManager: Shutting down and abandoning module IntroTutorials (448)
[2017.07.29-15.22.11:853][736]LogModuleManager: Shutting down and abandoning module GameProjectGeneration (447)
[2017.07.29-15.22.11:853][736]LogModuleManager: Shutting down and abandoning module EditorLiveStreaming (444)
[2017.07.29-15.22.11:853][736]LogModuleManager: Shutting down and abandoning module IOSPlatformEditor (442)
[2017.07.29-15.22.11:853][736]LogModuleManager: Shutting down and abandoning module HTML5PlatformEditor (440)
[2017.07.29-15.22.11:853][736]LogModuleManager: Shutting down and abandoning module AndroidPlatformEditor (438)
[2017.07.29-15.22.11:853][736]LogModuleManager: Shutting down and abandoning module AndroidDeviceDetection (437)
[2017.07.29-15.22.12:171][736]LogModuleManager: Shutting down and abandoning module IOSRuntimeSettings (434)
[2017.07.29-15.22.12:171][736]LogModuleManager: Shutting down and abandoning module AndroidRuntimeSettings (432)
[2017.07.29-15.22.12:171][736]LogModuleManager: Shutting down and abandoning module InputBindingEditor (430)
[2017.07.29-15.22.12:172][736]LogModuleManager: Shutting down and abandoning module MergeActors (428)
[2017.07.29-15.22.12:172][736]LogModuleManager: Shutting down and abandoning module SizeMap (426)
[2017.07.29-15.22.12:172][736]LogModuleManager: Shutting down and abandoning module TreeMap (424)
[2017.07.29-15.22.12:172][736]LogModuleManager: Shutting down and abandoning module ReferenceViewer (422)
[2017.07.29-15.22.12:172][736]LogModuleManager: Shutting down and abandoning module LocalizationDashboard (420)
[2017.07.29-15.22.12:172][736]LogModuleManager: Shutting down and abandoning module LocalizationService (419)
[2017.07.29-15.22.12:172][736]LogModuleManager: Shutting down and abandoning module HardwareTargeting (416)
[2017.07.29-15.22.12:172][736]LogModuleManager: Shutting down and abandoning module DeviceProfileEditor (414)
[2017.07.29-15.22.12:172][736]LogModuleManager: Shutting down and abandoning module UndoHistory (412)
[2017.07.29-15.22.12:172][736]LogModuleManager: Shutting down and abandoning module UserFeedback (410)
[2017.07.29-15.22.12:172][736]LogModuleManager: Shutting down and abandoning module XmlParser (408)
[2017.07.29-15.22.12:172][736]LogModuleManager: Shutting down and abandoning module Blutility (406)
[2017.07.29-15.22.12:172][736]LogModuleManager: Shutting down and abandoning module ProjectSettingsViewer (404)
[2017.07.29-15.22.12:172][736]LogModuleManager: Shutting down and abandoning module ProjectTargetPlatformEditor (403)
[2017.07.29-15.22.12:173][736]LogModuleManager: Shutting down and abandoning module EditorSettingsViewer (400)
[2017.07.29-15.22.12:173][736]LogModuleManager: Shutting down and abandoning module SettingsEditor (398)
[2017.07.29-15.22.12:173][736]LogModuleManager: Shutting down and abandoning module ProjectLauncher (396)
[2017.07.29-15.22.12:173][736]LogModuleManager: Shutting down and abandoning module SessionFrontend (394)
[2017.07.29-15.22.12:173][736]LogModuleManager: Shutting down and abandoning module ProfilerClient (392)
[2017.07.29-15.22.12:173][736]LogModuleManager: Shutting down and abandoning module DeviceManager (390)
[2017.07.29-15.22.12:173][736]LogModuleManager: Shutting down and abandoning module TargetDeviceServices (389)
[2017.07.29-15.22.12:227][736]LogModuleManager: Shutting down and abandoning module AutomationController (386)
[2017.07.29-15.22.12:227][736]LogModuleManager: Shutting down and abandoning module AutomationWindow (384)
[2017.07.29-15.22.12:227][736]LogModuleManager: Shutting down and abandoning module Layers (382)
[2017.07.29-15.22.12:227][736]LogModuleManager: Shutting down and abandoning module ComponentVisualizers (380)
[2017.07.29-15.22.12:227][736]LogModuleManager: Shutting down and abandoning module DetailCustomizations (378)
[2017.07.29-15.22.12:227][736]LogModuleManager: Shutting down and abandoning module PackagesDialog (376)
[2017.07.29-15.22.12:227][736]LogModuleManager: Shutting down and abandoning module Persona (374)
[2017.07.29-15.22.12:227][736]LogModuleManager: Shutting down and abandoning module AdvancedPreviewScene (373)
[2017.07.29-15.22.12:227][736]LogModuleManager: Shutting down and abandoning module AnimGraph (371)
[2017.07.29-15.22.12:227][736]LogModuleManager: Shutting down and abandoning module Kismet (368)
[2017.07.29-15.22.12:236][736]LogModuleManager: Shutting down and abandoning module ClassViewer (366)
[2017.07.29-15.22.12:237][736]LogModuleManager: Shutting down and abandoning module Toolbox (364)
[2017.07.29-15.22.12:237][736]LogModuleManager: Shutting down and abandoning module ModuleUI (362)
[2017.07.29-15.22.12:237][736]LogModuleManager: Shutting down and abandoning module MovieSceneTools (360)
[2017.07.29-15.22.12:237][736]LogModuleManager: Shutting down and abandoning module OutputLog (358)
[2017.07.29-15.22.12:237][736]LogModuleManager: Shutting down and abandoning module GammaUI (356)
[2017.07.29-15.22.12:237][736]LogModuleManager: Shutting down and abandoning module Documentation (354)
[2017.07.29-15.22.12:237][736]LogModuleManager: Shutting down and abandoning module MovieSceneTracks (352)
[2017.07.29-15.22.12:237][736]LogModuleManager: Shutting down and abandoning module MovieScene (350)
[2017.07.29-15.22.12:237][736]LogModuleManager: Shutting down and abandoning module Niagara (348)
[2017.07.29-15.22.12:237][736]LogModuleManager: Shutting down and abandoning module NiagaraEditor (347)
[2017.07.29-15.22.12:237][736]LogModuleManager: Shutting down and abandoning module StreamingPauseRendering (344)
[2017.07.29-15.22.12:237][736]LogModuleManager: Shutting down and abandoning module AnalyticsET (342)
[2017.07.29-15.22.12:237][736]LogModuleManager: Shutting down and abandoning module PortalServices (340)
[2017.07.29-15.22.12:237][736]LogModuleManager: Shutting down and abandoning module PortalRpc (338)
[2017.07.29-15.22.12:237][736]LogModuleManager: Shutting down and abandoning module MessagingRpc (336)
[2017.07.29-15.22.12:237][736]LogModuleManager: Shutting down and abandoning module AIModule (334)
[2017.07.29-15.22.12:237][736]LogModuleManager: Shutting down and abandoning module GameplayDebugger (333)
[2017.07.29-15.22.12:237][736]LogModuleManager: Shutting down and abandoning module AITestSuite (331)
[2017.07.29-15.22.12:237][736]LogModuleManager: Shutting down and abandoning module ProfilerService (328)
[2017.07.29-15.22.12:467][736]LogModuleManager: Shutting down and abandoning module TaskGraph (326)
[2017.07.29-15.22.12:467][736]LogModuleManager: Shutting down and abandoning module SteamVRController (324)
[2017.07.29-15.22.12:467][736]LogModuleManager: Shutting down and abandoning module SteamVR (322)
[2017.07.29-15.22.12:467][736]LogModuleManager: Shutting down and abandoning module ProceduralMeshComponentEditor (320)
[2017.07.29-15.22.12:467][736]LogModuleManager: Shutting down and abandoning module ProceduralMeshComponent (318)
[2017.07.29-15.22.12:467][736]LogModuleManager: Shutting down and abandoning module OculusLibrary (316)
[2017.07.29-15.22.12:467][736]LogModuleManager: Shutting down and abandoning module OculusInput (314)
[2017.07.29-15.22.12:467][736]LogModuleManager: Shutting down and abandoning module MobilePatchingUtils (312)
[2017.07.29-15.22.12:467][736]LogModuleManager: Shutting down and abandoning module CustomMeshComponent (310)
[2017.07.29-15.22.12:467][736]LogModuleManager: Shutting down and abandoning module CableComponent (308)
[2017.07.29-15.22.12:467][736]LogModuleManager: Shutting down and abandoning module ArchVisCharacter (306)
[2017.07.29-15.22.12:467][736]LogModuleManager: Shutting down and abandoning module AndroidPermission (304)
[2017.07.29-15.22.12:467][736]LogModuleManager: Shutting down and abandoning module MediaPlayerEditor (300)
[2017.07.29-15.22.12:468][736]LogModuleManager: Shutting down and abandoning module HTML5Networking (298)
[2017.07.29-15.22.12:468][736]LogModuleManager: Shutting down and abandoning module AlembicImporter (296)
[2017.07.29-15.22.12:468][736]LogModuleManager: Shutting down and abandoning module AlembicLibrary (295)
[2017.07.29-15.22.12:468][736]LogModuleManager: Shutting down and abandoning module GeometryCache (294)
[2017.07.29-15.22.12:468][736]LogModuleManager: Shutting down and abandoning module GeometryCacheEd (293)
[2017.07.29-15.22.12:468][736]LogModuleManager: Shutting down and abandoning module SuperSearchEditor (288)
[2017.07.29-15.22.12:468][736]LogModuleManager: Shutting down and abandoning module SuperSearch (287)
[2017.07.29-15.22.12:468][736]LogModuleManager: Shutting down and abandoning module SpeedTreeImporter (284)
[2017.07.29-15.22.12:468][736]LogModuleManager: Shutting down and abandoning module PluginBrowser (282)
[2017.07.29-15.22.12:468][736]LogModuleManager: Shutting down and abandoning module MobileLauncherProfileWizard (280)
[2017.07.29-15.22.12:468][736]LogModuleManager: Shutting down and abandoning module VisualStudioSourceCodeAccess (278)
[2017.07.29-15.22.12:468][736]LogModuleManager: Shutting down and abandoning module DesktopPlatform (277)
[2017.07.29-15.22.12:468][736]LogModuleManager: Shutting down and abandoning module UObjectPlugin (274)
[2017.07.29-15.22.12:468][736]LogModuleManager: Shutting down and abandoning module SubversionSourceControl (272)
[2017.07.29-15.22.12:468][736]LogModuleManager: Shutting down and abandoning module PerforceSourceControl (270)
[2017.07.29-15.22.12:468][736]LogModuleManager: Shutting down and abandoning module GitSourceControl (268)
[2017.07.29-15.22.12:468][736]LogModuleManager: Shutting down and abandoning module SourceControl (267)
[2017.07.29-15.22.12:468][736]LogModuleManager: Shutting down and abandoning module LightPropagationVolumeEditor (264)
[2017.07.29-15.22.12:468][736]LogModuleManager: Shutting down and abandoning module PaperTiledImporter (262)
[2017.07.29-15.22.12:468][736]LogModuleManager: Shutting down and abandoning module PaperSpriteSheetImporter (260)
[2017.07.29-15.22.12:468][736]LogModuleManager: Shutting down and abandoning module Paper2DEditor (258)
[2017.07.29-15.22.12:468][736]LogModuleManager: Shutting down and abandoning module MeshPaint (257)
[2017.07.29-15.22.12:468][736]LogModuleManager: Shutting down and abandoning module LevelEditor (255)
[2017.07.29-15.22.12:469][736]LogModuleManager: Shutting down and abandoning module PixelInspectorModule (254)
[2017.07.29-15.22.12:470][736]LogModuleManager: Shutting down and abandoning module MainFrame (252)
[2017.07.29-15.22.12:470][736]LogModuleManager: Shutting down and abandoning module HotReload (251)
[2017.07.29-15.22.12:471][736]LogModuleManager: Shutting down and abandoning module PhysXVehiclesEditor (246)
[2017.07.29-15.22.12:471][736]LogModuleManager: Shutting down and abandoning module PhysXVehicles (244)
[2017.07.29-15.22.12:471][736]LogModuleManager: Shutting down and abandoning module LocationServicesBPLibrary (242)
[2017.07.29-15.22.12:471][736]LogModuleManager: Shutting down and abandoning module ImmediatePhysicsEditor (240)
[2017.07.29-15.22.12:471][736]LogModuleManager: Shutting down and abandoning module ImmediatePhysics (238)
[2017.07.29-15.22.12:471][736]LogModuleManager: Shutting down and abandoning module UdpMessaging (236)
[2017.07.29-15.22.12:571][736]LogModuleManager: Shutting down and abandoning module TcpMessaging (234)
[2017.07.29-15.22.12:671][736]LogModuleManager: Shutting down and abandoning module GameplayTagsEditor (232)
[2017.07.29-15.22.12:671][736]LogModuleManager: Shutting down and abandoning module FacialAnimationEditor (230)
[2017.07.29-15.22.12:671][736]LogModuleManager: Shutting down and abandoning module FacialAnimation (228)
[2017.07.29-15.22.12:671][736]LogModuleManager: Shutting down and abandoning module AssetManagerEditor (226)
[2017.07.29-15.22.12:671][736]LogModuleManager: Shutting down and abandoning module GraphEditor (225)
[2017.07.29-15.22.12:671][736]LogModuleManager: Shutting down and abandoning module ContentBrowser (223)
[2017.07.29-15.22.12:673][736]LogModuleManager: Shutting down and abandoning module LightPropagationVolumeRuntime (220)
[2017.07.29-15.22.12:673][736]LogModuleManager: Shutting down and abandoning module Paper2D (218)
[2017.07.29-15.22.12:673][736]LogModuleManager: Shutting down and abandoning module WindowsMoviePlayer (216)
[2017.07.29-15.22.12:673][736]LogModuleManager: Shutting down and abandoning module WmfMedia (214)
[2017.07.29-15.22.12:673][736]LogModuleManager: Shutting down and abandoning module ClothingSystemEditor (212)
[2017.07.29-15.22.12:673][736]LogModuleManager: Shutting down and abandoning module ClothingSystemRuntime (210)
[2017.07.29-15.22.12:673][736]LogModuleManager: Shutting down and abandoning module MediaAssets (208)
[2017.07.29-15.22.12:673][736]LogModuleManager: Shutting down and abandoning module GameLiveStreaming (206)
[2017.07.29-15.22.12:673][736]LogModuleManager: Shutting down and abandoning module VREditor (204)
[2017.07.29-15.22.12:673][736]LogModuleManager: Shutting down and abandoning module StringTableEditor (202)
[2017.07.29-15.22.12:673][736]LogModuleManager: Shutting down and abandoning module GameplayTasksEditor (200)
[2017.07.29-15.22.12:673][736]LogModuleManager: Shutting down and abandoning module BehaviorTreeEditor (198)
[2017.07.29-15.22.12:673][736]LogModuleManager: Shutting down and abandoning module FunctionalTesting (196)
[2017.07.29-15.22.12:673][736]LogModuleManager: Shutting down and abandoning module CollisionAnalyzer (194)
[2017.07.29-15.22.12:673][736]LogModuleManager: Shutting down and abandoning module UMG (192)
[2017.07.29-15.22.12:673][736]LogModuleManager: Shutting down and abandoning module UMGEditor (191)
[2017.07.29-15.22.12:673][736]LogModuleManager: Shutting down and abandoning module Sequencer (190)
[2017.07.29-15.22.12:673][736]LogModuleManager: Shutting down and abandoning module AssetTools (188)
[2017.07.29-15.22.12:673][736]LogModuleManager: Shutting down and abandoning module MessageLog (187)
[2017.07.29-15.22.12:673][736]LogModuleManager: Shutting down and abandoning module WorkspaceMenuStructure (186)
[2017.07.29-15.22.12:674][736]LogModuleManager: Shutting down and abandoning module SlateReflector (180)
[2017.07.29-15.22.12:674][736]LogModuleManager: Shutting down and abandoning module Slate (178)
[2017.07.29-15.22.12:674][736]LogModuleManager: Shutting down and abandoning module EditorStyle (176)
[2017.07.29-15.22.12:677][736]LogModuleManager: Shutting down and abandoning module SourceCodeAccess (174)
[2017.07.29-15.22.12:677][736]LogModuleManager: Shutting down and abandoning module HeadMountedDisplay (172)
[2017.07.29-15.22.12:677][736]LogModuleManager: Shutting down and abandoning module XAudio2 (170)
[2017.07.29-15.22.12:677][736]LogModuleManager: Shutting down and abandoning module Networking (168)
[2017.07.29-15.22.12:677][736]LogModuleManager: Shutting down and abandoning module Core (164)
[2017.07.29-15.22.12:677][736]LogModuleManager: Shutting down and abandoning module AssetRegistry (162)
[2017.07.29-15.22.12:878][736]LogDirectoryWatcher: A directory notification for '../../../Engine/Content/' was aborted.
[2017.07.29-15.22.12:878][736]LogDirectoryWatcher: A directory notification for '../../../../../../Users/tommy/Desktop/GeometryCatcherComplete/Content/' was aborted.
[2017.07.29-15.22.12:878][736]LogDirectoryWatcher: A directory notification for '../../../Engine/Plugins/2D/Paper2D/Content/' was aborted.
[2017.07.29-15.22.12:878][736]LogDirectoryWatcher: A directory notification for '../../../Engine/Plugins/Runtime/GearVR/Content/' was aborted.
[2017.07.29-15.22.12:881][736]LogModuleManager: Shutting down and abandoning module DirectoryWatcher (161)
[2017.07.29-15.22.12:887][736]LogModuleManager: Shutting down and abandoning module KismetCompiler (158)
[2017.07.29-15.22.12:887][736]LogModuleManager: Shutting down and abandoning module LevelSequence (156)
[2017.07.29-15.22.12:887][736]LogModuleManager: Shutting down and abandoning module PhysXFormats (154)
[2017.07.29-15.22.12:887][736]LogModuleManager: Shutting down and abandoning module MeshUtilities (152)
[2017.07.29-15.22.12:887][736]LogModuleManager: Shutting down and abandoning module SimplygonSwarm (151)
[2017.07.29-15.22.12:887][736]LogModuleManager: Shutting down and abandoning module SimplygonMeshReduction (149)
[2017.07.29-15.22.12:887][736]LogModuleManager: Shutting down and abandoning module QuadricMeshReduction (147)
[2017.07.29-15.22.12:887][736]LogModuleManager: Shutting down and abandoning module DerivedDataCache (144)
[2017.07.29-15.22.12:935][736]LogDerivedDataCache: Shutdown
[2017.07.29-15.22.12:935][736]LogModuleManager: Shutting down and abandoning module TargetPlatform (142)
[2017.07.29-15.22.12:935][736]LogModuleManager: Shutting down and abandoning module VulkanShaderFormat (141)
[2017.07.29-15.22.12:935][736]LogModuleManager: Shutting down and abandoning module ShaderFormatVectorVM (139)
[2017.07.29-15.22.12:936][736]LogModuleManager: Shutting down and abandoning module ShaderFormatOpenGL (137)
[2017.07.29-15.22.12:936][736]LogModuleManager: Shutting down and abandoning module ShaderFormatD3D (135)
[2017.07.29-15.22.12:936][736]LogModuleManager: Shutting down and abandoning module MetalShaderFormat (133)
[2017.07.29-15.22.12:936][736]LogModuleManager: Shutting down and abandoning module TextureFormatUncompressed (131)
[2017.07.29-15.22.12:936][736]LogModuleManager: Shutting down and abandoning module TextureFormatPVR (129)
[2017.07.29-15.22.12:936][736]LogModuleManager: Shutting down and abandoning module TextureFormatDXT (127)
[2017.07.29-15.22.12:936][736]LogModuleManager: Shutting down and abandoning module TextureFormatIntelISPCTexComp (125)
[2017.07.29-15.22.12:936][736]LogModuleManager: Shutting down and abandoning module TextureFormatASTC (123)
[2017.07.29-15.22.12:936][736]LogModuleManager: Shutting down and abandoning module ImageWrapper (122)
[2017.07.29-15.22.12:936][736]LogModuleManager: Shutting down and abandoning module TextureFormatAndroid (119)
[2017.07.29-15.22.12:936][736]LogModuleManager: Shutting down and abandoning module AudioFormatOpus (117)
[2017.07.29-15.22.12:936][736]LogModuleManager: Shutting down and abandoning module AudioFormatOgg (115)
[2017.07.29-15.22.12:936][736]LogModuleManager: Shutting down and abandoning module AudioFormatADPCM (113)
[2017.07.29-15.22.12:936][736]LogModuleManager: Shutting down and abandoning module LinuxTargetPlatform (111)
[2017.07.29-15.22.12:936][736]LogModuleManager: Shutting down and abandoning module LinuxServerTargetPlatform (109)
[2017.07.29-15.22.12:936][736]LogModuleManager: Shutting down and abandoning module LinuxNoEditorTargetPlatform (107)
[2017.07.29-15.22.12:936][736]LogModuleManager: Shutting down and abandoning module LinuxClientTargetPlatform (105)
[2017.07.29-15.22.12:936][736]LogModuleManager: Shutting down and abandoning module TVOSTargetPlatform (103)
[2017.07.29-15.22.12:936][736]LogModuleManager: Shutting down and abandoning module Messaging (101)
[2017.07.29-15.22.12:936][736]LogModuleManager: Shutting down and abandoning module IOSTargetPlatform (99)
[2017.07.29-15.22.12:936][736]LogModuleManager: Shutting down and abandoning module HTML5TargetPlatform (97)
[2017.07.29-15.22.12:936][736]LogModuleManager: Shutting down and abandoning module Android_PVRTCTargetPlatform (95)
[2017.07.29-15.22.12:936][736]LogModuleManager: Shutting down and abandoning module Android_MultiTargetPlatform (93)
[2017.07.29-15.22.12:936][736]LogModuleManager: Shutting down and abandoning module Android_ETC2TargetPlatform (91)
[2017.07.29-15.22.12:936][736]LogModuleManager: Shutting down and abandoning module Android_ETC1TargetPlatform (89)
[2017.07.29-15.22.12:936][736]LogModuleManager: Shutting down and abandoning module Android_DXTTargetPlatform (87)
[2017.07.29-15.22.12:936][736]LogModuleManager: Shutting down and abandoning module Android_ATCTargetPlatform (85)
[2017.07.29-15.22.12:936][736]LogModuleManager: Shutting down and abandoning module Android_ASTCTargetPlatform (83)
[2017.07.29-15.22.12:936][736]LogModuleManager: Shutting down and abandoning module AndroidTargetPlatform (81)
[2017.07.29-15.22.12:936][736]LogModuleManager: Shutting down and abandoning module WindowsTargetPlatform (79)
[2017.07.29-15.22.12:936][736]LogModuleManager: Shutting down and abandoning module WindowsServerTargetPlatform (77)
[2017.07.29-15.22.12:936][736]LogModuleManager: Shutting down and abandoning module WindowsNoEditorTargetPlatform (75)
[2017.07.29-15.22.12:936][736]LogModuleManager: Shutting down and abandoning module WindowsClientTargetPlatform (73)
[2017.07.29-15.22.12:936][736]LogModuleManager: Shutting down and abandoning module MacTargetPlatform (71)
[2017.07.29-15.22.12:936][736]LogModuleManager: Shutting down and abandoning module MacServerTargetPlatform (69)
[2017.07.29-15.22.12:936][736]LogModuleManager: Shutting down and abandoning module MacNoEditorTargetPlatform (67)
[2017.07.29-15.22.12:936][736]LogModuleManager: Shutting down and abandoning module MacClientTargetPlatform (65)
[2017.07.29-15.22.12:936][736]LogModuleManager: Shutting down and abandoning module AllDesktopTargetPlatform (63)
[2017.07.29-15.22.12:936][736]LogModuleManager: Shutting down and abandoning module InputCore (60)
[2017.07.29-15.22.12:936][736]LogModuleManager: Shutting down and abandoning module Settings (58)
[2017.07.29-15.22.12:936][736]LogModuleManager: Shutting down and abandoning module OculusRift (56)
[2017.07.29-15.22.12:936][736]LogModuleManager: Shutting down and abandoning module GearVRController (54)
[2017.07.29-15.22.12:936][736]LogModuleManager: Shutting down and abandoning module GearVR (52)
[2017.07.29-15.22.12:936][736]LogModuleManager: Shutting down and abandoning module ExampleDeviceProfileSelector (50)
[2017.07.29-15.22.12:936][736]LogModuleManager: Shutting down and abandoning module OnlineBlueprintSupport (48)
[2017.07.29-15.22.12:936][736]LogModuleManager: Shutting down and abandoning module OnlineSubsystem (44)
[2017.07.29-15.22.12:936][736]LogOnline:Display: Unloading online subsystem: NULL
[2017.07.29-15.22.12:936][736]LogModuleManager: Shutting down and abandoning module XMPP (43)
[2017.07.29-15.22.12:936][736]LogModuleManager: Shutting down and abandoning module HTTP (41)
[2017.07.29-15.22.12:936][736]LogHttp:Display: Http module shutting down, but needs to wait on 1 outstanding Http requests:
[2017.07.29-15.22.12:937][736]LogHttp:Display: 	verb=[POST] url=[https://datarouter.ol.epicgames.com/datarouter/api/v1/public/data?SessionID=%7B940D323E-40B0-D376-4999-BBA93A893E9B%7D&AppID=UEEditor.Rocket.Release&AppVersion=4.16.2-3514769%2B%2B%2BUE4%2BRelease-4.16&UserID=b4e25eea4a0d6450fb924cbf2b84ec0c%7Cddaae3d7adad4251b47aebd4e1f1f19e%7Cc1bb1c04-1998-4d1c-9da9-f3fc45d89125&AppEnvironment=datacollector-binary&UploadType=eteventstream] status=Processing
[2017.07.29-15.22.12:968][736]LogModuleManager: Shutting down and abandoning module SSL (40)
[2017.07.29-15.22.12:969][736]LogModuleManager: Shutting down and abandoning module HTTPChunkInstaller (36)
[2017.07.29-15.22.12:969][736]LogModuleManager: Shutting down and abandoning module AnimationModifiers (34)
[2017.07.29-15.22.12:969][736]LogModuleManager: Shutting down and abandoning module PropertyEditor (33)
[2017.07.29-15.22.12:969][736]LogModuleManager: Shutting down and abandoning module AudioEditor (30)
[2017.07.29-15.22.12:969][736]LogModuleManager: Shutting down and abandoning module TextureCompressor (28)
[2017.07.29-15.22.12:969][736]LogModuleManager: Shutting down and abandoning module ShaderCore (26)
[2017.07.29-15.22.12:969][736]LogModuleManager: Shutting down and abandoning module Landscape (24)
[2017.07.29-15.22.12:969][736]LogModuleManager: Shutting down and abandoning module SlateRHIRenderer (22)
[2017.07.29-15.22.12:971][736]LogModuleManager: Shutting down and abandoning module OpenGLDrv (20)
[2017.07.29-15.22.12:971][736]LogModuleManager: Shutting down and abandoning module D3D11RHI (18)
[2017.07.29-15.22.12:971][736]LogModuleManager: Shutting down and abandoning module AnimGraphRuntime (16)
[2017.07.29-15.22.12:971][736]LogModuleManager: Shutting down and abandoning module Renderer (14)
[2017.07.29-15.22.12:971][736]LogModuleManager: Shutting down and abandoning module Engine (12)
[2017.07.29-15.22.12:971][736]LogModuleManager: Shutting down and abandoning module CoreUObject (10)
[2017.07.29-15.22.12:971][736]LogModuleManager: Shutting down and abandoning module NetworkFile (8)
[2017.07.29-15.22.12:971][736]LogModuleManager: Shutting down and abandoning module StreamingFile (6)
[2017.07.29-15.22.12:971][736]LogModuleManager: Shutting down and abandoning module SandboxFile (4)
[2017.07.29-15.22.12:971][736]LogModuleManager: Shutting down and abandoning module PakFile (2)
[2017.07.29-15.22.12:973][736]LogExit: Exiting.
[2017.07.29-15.22.12:993][736]Log file closed, 07/30/17 01:22:12
